2022-08-08 00:08:49.065  INFO 39748 --- [main] com.example.drive.DriveApplication       : Starting DriveApplication using Java 1.8.0_191 on LAPTOP-2Q9V9B1L with PID 39748 (D:\shixi\dms-app1\target\classes started by Lenovo in D:\shixi\dms-app1)
2022-08-08 00:08:49.077  INFO 39748 --- [main] com.example.drive.DriveApplication       : No active profile set, falling back to default profiles: default
2022-08-08 00:08:50.220  INFO 39748 --- [main] .s.d.r.c.RepositoryConfigurationDelegate : Multiple Spring Data modules found, entering strict repository configuration mode!
2022-08-08 00:08:50.223  INFO 39748 --- [main] .s.d.r.c.RepositoryConfigurationDelegate : Bootstrapping Spring Data Redis repositories in DEFAULT mode.
2022-08-08 00:08:50.253  INFO 39748 --- [main] .s.d.r.c.RepositoryConfigurationDelegate : Finished Spring Data repository scanning in 15 ms. Found 0 Redis repository interfaces.
2022-08-08 00:08:51.132  INFO 39748 --- [main] o.s.b.w.embedded.tomcat.TomcatWebServer  : Tomcat initialized with port(s): 9097 (http)
2022-08-08 00:08:51.142  INFO 39748 --- [main] o.apache.catalina.core.StandardService   : Starting service [Tomcat]
2022-08-08 00:08:51.142  INFO 39748 --- [main] org.apache.catalina.core.StandardEngine  : Starting Servlet engine: [Apache Tomcat/9.0.56]
2022-08-08 00:08:51.266  INFO 39748 --- [main] o.a.c.c.C.[Tomcat].[localhost].[/]       : Initializing Spring embedded WebApplicationContext
2022-08-08 00:08:51.266  INFO 39748 --- [main] w.s.c.ServletWebServerApplicationContext : Root WebApplicationContext: initialization completed in 2112 ms
2022-08-08 00:08:55.281  INFO 39748 --- [main] o.s.s.web.DefaultSecurityFilterChain     : Will secure Ant [pattern='*/js/**'] with []
2022-08-08 00:08:55.282  INFO 39748 --- [main] o.s.s.web.DefaultSecurityFilterChain     : Will secure Ant [pattern='*/css/**'] with []
2022-08-08 00:08:55.282  INFO 39748 --- [main] o.s.s.web.DefaultSecurityFilterChain     : Will secure Ant [pattern='*/img/**'] with []
2022-08-08 00:08:55.282  INFO 39748 --- [main] o.s.s.web.DefaultSecurityFilterChain     : Will secure Ant [pattern='/**/*.js'] with []
2022-08-08 00:08:55.282  INFO 39748 --- [main] o.s.s.web.DefaultSecurityFilterChain     : Will secure Ant [pattern='/lang/*.json'] with []
2022-08-08 00:08:55.282  INFO 39748 --- [main] o.s.s.web.DefaultSecurityFilterChain     : Will secure Ant [pattern='/**/*.css'] with []
2022-08-08 00:08:55.282  INFO 39748 --- [main] o.s.s.web.DefaultSecurityFilterChain     : Will secure Ant [pattern='/**/*.js'] with []
2022-08-08 00:08:55.282  INFO 39748 --- [main] o.s.s.web.DefaultSecurityFilterChain     : Will secure Ant [pattern='/**/*.map'] with []
2022-08-08 00:08:55.283  INFO 39748 --- [main] o.s.s.web.DefaultSecurityFilterChain     : Will secure Ant [pattern='/**/*.html'] with []
2022-08-08 00:08:55.283  INFO 39748 --- [main] o.s.s.web.DefaultSecurityFilterChain     : Will secure Ant [pattern='/**/*.png'] with []
2022-08-08 00:08:55.283  INFO 39748 --- [main] o.s.s.web.DefaultSecurityFilterChain     : Will secure Ant [pattern='/v2/api-docs', GET] with []
2022-08-08 00:08:55.283  INFO 39748 --- [main] o.s.s.web.DefaultSecurityFilterChain     : Will secure Ant [pattern='/swagger-resources', GET] with []
2022-08-08 00:08:55.283  INFO 39748 --- [main] o.s.s.web.DefaultSecurityFilterChain     : Will secure Ant [pattern='/swagger-resources/**', GET] with []
2022-08-08 00:08:55.283  INFO 39748 --- [main] o.s.s.web.DefaultSecurityFilterChain     : Will secure Ant [pattern='/configuration/ui', GET] with []
2022-08-08 00:08:55.283  INFO 39748 --- [main] o.s.s.web.DefaultSecurityFilterChain     : Will secure Ant [pattern='/configuration/security', GET] with []
2022-08-08 00:08:55.283  INFO 39748 --- [main] o.s.s.web.DefaultSecurityFilterChain     : Will secure Ant [pattern='/swagger-ui.html/**', GET] with []
2022-08-08 00:08:55.283  INFO 39748 --- [main] o.s.s.web.DefaultSecurityFilterChain     : Will secure Ant [pattern='/webjars/**', GET] with []
2022-08-08 00:08:55.283  INFO 39748 --- [main] o.s.s.web.DefaultSecurityFilterChain     : Will secure Ant [pattern='/temp', GET] with []
2022-08-08 00:08:55.316  INFO 39748 --- [main] o.s.s.web.DefaultSecurityFilterChain     : Will secure any request with [org.springframework.security.web.context.request.async.WebAsyncManagerIntegrationFilter@4beae1e3, org.springframework.security.web.context.SecurityContextPersistenceFilter@45b96e4c, org.springframework.security.web.header.HeaderWriterFilter@32b46831, org.springframework.web.filter.CorsFilter@3c488b34, org.springframework.security.web.authentication.logout.LogoutFilter@45e11627, com.example.drive.config.JwtLoginFilter@32e697ac, com.example.drive.config.JwtFilter@3866c96e, org.springframework.security.web.savedrequest.RequestCacheAwareFilter@7dd45c93, org.springframework.security.web.servletapi.SecurityContextHolderAwareRequestFilter@16b64a03, org.springframework.security.web.authentication.AnonymousAuthenticationFilter@241fc278, org.springframework.security.web.session.SessionManagementFilter@320ff86f, org.springframework.security.web.access.ExceptionTranslationFilter@4492b393, org.springframework.security.web.access.intercept.FilterSecurityInterceptor@c318864]
2022-08-08 00:08:55.462  INFO 39748 --- [main] o.s.b.w.embedded.tomcat.TomcatWebServer  : Tomcat started on port(s): 9097 (http) with context path ''
2022-08-08 00:08:55.634  WARN 39748 --- [main] d.s.r.o.OperationImplicitParameterReader : Unable to interpret the implicit parameter configuration with dataType: , dataTypeClass: class java.lang.Void
2022-08-08 00:08:55.644  WARN 39748 --- [main] d.s.r.o.OperationImplicitParameterReader : Unable to interpret the implicit parameter configuration with dataType: , dataTypeClass: class java.lang.Void
2022-08-08 00:08:55.644  WARN 39748 --- [main] d.s.r.o.OperationImplicitParameterReader : Unable to interpret the implicit parameter configuration with dataType: , dataTypeClass: class java.lang.Void
2022-08-08 00:08:55.647  WARN 39748 --- [main] d.s.r.o.OperationImplicitParameterReader : Unable to interpret the implicit parameter configuration with dataType: , dataTypeClass: class java.lang.Void
2022-08-08 00:08:55.662  WARN 39748 --- [main] d.s.r.o.OperationImplicitParameterReader : Unable to interpret the implicit parameter configuration with dataType: , dataTypeClass: class java.lang.Void
2022-08-08 00:08:55.665  WARN 39748 --- [main] d.s.r.o.OperationImplicitParameterReader : Unable to interpret the implicit parameter configuration with dataType: , dataTypeClass: class java.lang.Void
2022-08-08 00:08:55.668  WARN 39748 --- [main] d.s.r.o.OperationImplicitParameterReader : Unable to interpret the implicit parameter configuration with dataType: , dataTypeClass: class java.lang.Void
2022-08-08 00:08:55.675  WARN 39748 --- [main] d.s.r.o.OperationImplicitParameterReader : Unable to interpret the implicit parameter configuration with dataType: , dataTypeClass: class java.lang.Void
2022-08-08 00:08:55.678  WARN 39748 --- [main] d.s.r.o.OperationImplicitParameterReader : Unable to interpret the implicit parameter configuration with dataType: , dataTypeClass: class java.lang.Void
2022-08-08 00:08:55.678  WARN 39748 --- [main] d.s.r.o.OperationImplicitParameterReader : Unable to interpret the implicit parameter configuration with dataType: , dataTypeClass: class java.lang.Void
2022-08-08 00:08:55.680  WARN 39748 --- [main] d.s.r.o.OperationImplicitParameterReader : Unable to interpret the implicit parameter configuration with dataType: , dataTypeClass: class java.lang.Void
2022-08-08 00:08:55.693  WARN 39748 --- [main] d.s.r.o.OperationImplicitParameterReader : Unable to interpret the implicit parameter configuration with dataType: , dataTypeClass: class java.lang.Void
2022-08-08 00:08:55.696  WARN 39748 --- [main] d.s.r.o.OperationImplicitParameterReader : Unable to interpret the implicit parameter configuration with dataType: , dataTypeClass: class java.lang.Void
2022-08-08 00:08:55.696  WARN 39748 --- [main] d.s.r.o.OperationImplicitParameterReader : Unable to interpret the implicit parameter configuration with dataType: , dataTypeClass: class java.lang.Void
2022-08-08 00:08:55.701  WARN 39748 --- [main] s.d.s.p.CachingModelPropertiesProvider   : Exception calculating properties for model(com.example.drive.common.R<com.baomidou.mybatisplus.extension.plugins.pagination.Page>) -> ModelContext{groupName=default, type=com.example.drive.common.R<com.baomidou.mybatisplus.extension.plugins.pagination.Page>, isReturnType=true, view=Optional.empty}. 1
2022-08-08 00:08:55.709  WARN 39748 --- [main] s.d.s.p.CachingModelPropertiesProvider   : Exception calculating properties for model(com.example.drive.common.R<com.baomidou.mybatisplus.extension.plugins.pagination.Page>) -> ModelContext{groupName=default, type=com.example.drive.common.R<com.baomidou.mybatisplus.extension.plugins.pagination.Page>, isReturnType=true, view=Optional.empty}. 1
2022-08-08 00:08:55.720  WARN 39748 --- [main] s.d.s.p.CachingModelPropertiesProvider   : Exception calculating properties for model(com.example.drive.common.R<com.example.drive.entity.Employee>) -> ModelContext{groupName=default, type=com.example.drive.common.R<com.example.drive.entity.Employee>, isReturnType=true, view=Optional.empty}. 1
2022-08-08 00:08:55.725  WARN 39748 --- [main] s.d.s.p.CachingModelPropertiesProvider   : Exception calculating properties for model(com.example.drive.common.R<com.example.drive.entity.Employee>) -> ModelContext{groupName=default, type=com.example.drive.common.R<com.example.drive.entity.Employee>, isReturnType=true, view=Optional.empty}. 1
2022-08-08 00:08:55.733  WARN 39748 --- [main] s.d.s.p.CachingModelPropertiesProvider   : Exception calculating properties for model(com.example.drive.common.R<java.lang.String>) -> ModelContext{groupName=default, type=com.example.drive.common.R<java.lang.String>, isReturnType=true, view=Optional.empty}. 1
2022-08-08 00:08:55.735  WARN 39748 --- [main] s.d.s.p.CachingModelPropertiesProvider   : Exception calculating properties for model(com.example.drive.common.R<java.lang.String>) -> ModelContext{groupName=default, type=com.example.drive.common.R<java.lang.String>, isReturnType=true, view=Optional.empty}. 1
2022-08-08 00:08:55.749  WARN 39748 --- [main] d.s.r.o.OperationImplicitParameterReader : Unable to interpret the implicit parameter configuration with dataType: , dataTypeClass: class java.lang.Void
2022-08-08 00:08:55.749  WARN 39748 --- [main] d.s.r.o.OperationImplicitParameterReader : Unable to interpret the implicit parameter configuration with dataType: , dataTypeClass: class java.lang.Void
2022-08-08 00:08:55.753  WARN 39748 --- [main] d.s.r.o.OperationImplicitParameterReader : Unable to interpret the implicit parameter configuration with dataType: , dataTypeClass: class java.lang.Void
2022-08-08 00:08:55.768  WARN 39748 --- [main] d.s.r.o.OperationImplicitParameterReader : Unable to interpret the implicit parameter configuration with dataType: , dataTypeClass: class java.lang.Void
2022-08-08 00:08:55.771  WARN 39748 --- [main] d.s.r.o.OperationImplicitParameterReader : Unable to interpret the implicit parameter configuration with dataType: , dataTypeClass: class java.lang.Void
2022-08-08 00:08:55.773  WARN 39748 --- [main] d.s.r.o.OperationImplicitParameterReader : Unable to interpret the implicit parameter configuration with dataType: , dataTypeClass: class java.lang.Void
2022-08-08 00:08:55.775  WARN 39748 --- [main] d.s.r.o.OperationImplicitParameterReader : Unable to interpret the implicit parameter configuration with dataType: , dataTypeClass: class java.lang.Void
2022-08-08 00:08:55.779  WARN 39748 --- [main] d.s.r.o.OperationImplicitParameterReader : Unable to interpret the implicit parameter configuration with dataType: , dataTypeClass: class java.lang.Void
2022-08-08 00:08:55.779  WARN 39748 --- [main] d.s.r.o.OperationImplicitParameterReader : Unable to interpret the implicit parameter configuration with dataType: , dataTypeClass: class java.lang.Void
2022-08-08 00:08:55.783  WARN 39748 --- [main] d.s.r.o.OperationImplicitParameterReader : Unable to interpret the implicit parameter configuration with dataType: , dataTypeClass: class java.lang.Void
2022-08-08 00:08:55.789  WARN 39748 --- [main] d.s.r.o.OperationImplicitParameterReader : Unable to interpret the implicit parameter configuration with dataType: , dataTypeClass: class java.lang.Void
2022-08-08 00:08:55.803  INFO 39748 --- [main] com.example.drive.DriveApplication       : Started DriveApplication in 7.285 seconds (JVM running for 9.373)
2022-08-08 00:15:28.567  INFO 49960 --- [main] com.example.drive.DriveApplication       : Starting DriveApplication using Java 1.8.0_191 on LAPTOP-2Q9V9B1L with PID 49960 (D:\shixi\dms-app1\target\classes started by Lenovo in D:\shixi\dms-app1)
2022-08-08 00:15:28.571  INFO 49960 --- [main] com.example.drive.DriveApplication       : No active profile set, falling back to default profiles: default
2022-08-08 00:15:29.630  INFO 49960 --- [main] .s.d.r.c.RepositoryConfigurationDelegate : Multiple Spring Data modules found, entering strict repository configuration mode!
2022-08-08 00:15:29.633  INFO 49960 --- [main] .s.d.r.c.RepositoryConfigurationDelegate : Bootstrapping Spring Data Redis repositories in DEFAULT mode.
2022-08-08 00:15:29.661  INFO 49960 --- [main] .s.d.r.c.RepositoryConfigurationDelegate : Finished Spring Data repository scanning in 13 ms. Found 0 Redis repository interfaces.
2022-08-08 00:15:30.454  INFO 49960 --- [main] o.s.b.w.embedded.tomcat.TomcatWebServer  : Tomcat initialized with port(s): 9097 (http)
2022-08-08 00:15:30.462  INFO 49960 --- [main] o.apache.catalina.core.StandardService   : Starting service [Tomcat]
2022-08-08 00:15:30.462  INFO 49960 --- [main] org.apache.catalina.core.StandardEngine  : Starting Servlet engine: [Apache Tomcat/9.0.56]
2022-08-08 00:15:30.572  INFO 49960 --- [main] o.a.c.c.C.[Tomcat].[localhost].[/]       : Initializing Spring embedded WebApplicationContext
2022-08-08 00:15:30.572  INFO 49960 --- [main] w.s.c.ServletWebServerApplicationContext : Root WebApplicationContext: initialization completed in 1940 ms
2022-08-08 00:15:34.636  INFO 49960 --- [main] o.s.s.web.DefaultSecurityFilterChain     : Will secure Ant [pattern='*/js/**'] with []
2022-08-08 00:15:34.636  INFO 49960 --- [main] o.s.s.web.DefaultSecurityFilterChain     : Will secure Ant [pattern='*/css/**'] with []
2022-08-08 00:15:34.636  INFO 49960 --- [main] o.s.s.web.DefaultSecurityFilterChain     : Will secure Ant [pattern='*/img/**'] with []
2022-08-08 00:15:34.636  INFO 49960 --- [main] o.s.s.web.DefaultSecurityFilterChain     : Will secure Ant [pattern='/**/*.js'] with []
2022-08-08 00:15:34.636  INFO 49960 --- [main] o.s.s.web.DefaultSecurityFilterChain     : Will secure Ant [pattern='/lang/*.json'] with []
2022-08-08 00:15:34.636  INFO 49960 --- [main] o.s.s.web.DefaultSecurityFilterChain     : Will secure Ant [pattern='/**/*.css'] with []
2022-08-08 00:15:34.636  INFO 49960 --- [main] o.s.s.web.DefaultSecurityFilterChain     : Will secure Ant [pattern='/**/*.js'] with []
2022-08-08 00:15:34.636  INFO 49960 --- [main] o.s.s.web.DefaultSecurityFilterChain     : Will secure Ant [pattern='/**/*.map'] with []
2022-08-08 00:15:34.637  INFO 49960 --- [main] o.s.s.web.DefaultSecurityFilterChain     : Will secure Ant [pattern='/**/*.html'] with []
2022-08-08 00:15:34.637  INFO 49960 --- [main] o.s.s.web.DefaultSecurityFilterChain     : Will secure Ant [pattern='/**/*.png'] with []
2022-08-08 00:15:34.637  INFO 49960 --- [main] o.s.s.web.DefaultSecurityFilterChain     : Will secure Ant [pattern='/v2/api-docs', GET] with []
2022-08-08 00:15:34.637  INFO 49960 --- [main] o.s.s.web.DefaultSecurityFilterChain     : Will secure Ant [pattern='/swagger-resources', GET] with []
2022-08-08 00:15:34.637  INFO 49960 --- [main] o.s.s.web.DefaultSecurityFilterChain     : Will secure Ant [pattern='/swagger-resources/**', GET] with []
2022-08-08 00:15:34.637  INFO 49960 --- [main] o.s.s.web.DefaultSecurityFilterChain     : Will secure Ant [pattern='/configuration/ui', GET] with []
2022-08-08 00:15:34.637  INFO 49960 --- [main] o.s.s.web.DefaultSecurityFilterChain     : Will secure Ant [pattern='/configuration/security', GET] with []
2022-08-08 00:15:34.637  INFO 49960 --- [main] o.s.s.web.DefaultSecurityFilterChain     : Will secure Ant [pattern='/swagger-ui.html/**', GET] with []
2022-08-08 00:15:34.637  INFO 49960 --- [main] o.s.s.web.DefaultSecurityFilterChain     : Will secure Ant [pattern='/webjars/**', GET] with []
2022-08-08 00:15:34.638  INFO 49960 --- [main] o.s.s.web.DefaultSecurityFilterChain     : Will secure Ant [pattern='/temp', GET] with []
2022-08-08 00:15:34.638  INFO 49960 --- [main] o.s.s.web.DefaultSecurityFilterChain     : Will secure Ant [pattern='/backend/**'] with []
2022-08-08 00:15:34.671  INFO 49960 --- [main] o.s.s.web.DefaultSecurityFilterChain     : Will secure any request with [org.springframework.security.web.context.request.async.WebAsyncManagerIntegrationFilter@59933644, org.springframework.security.web.context.SecurityContextPersistenceFilter@63a7781, org.springframework.security.web.header.HeaderWriterFilter@38d525aa, org.springframework.web.filter.CorsFilter@67e6eb52, org.springframework.security.web.authentication.logout.LogoutFilter@1a2724d3, com.example.drive.config.JwtLoginFilter@3e8b8f0, com.example.drive.config.JwtFilter@5ad57e90, org.springframework.security.web.savedrequest.RequestCacheAwareFilter@8383a14, org.springframework.security.web.servletapi.SecurityContextHolderAwareRequestFilter@166ce247, org.springframework.security.web.authentication.AnonymousAuthenticationFilter@1a345298, org.springframework.security.web.session.SessionManagementFilter@7530090a, org.springframework.security.web.access.ExceptionTranslationFilter@67941d, org.springframework.security.web.access.intercept.FilterSecurityInterceptor@59baf2c7]
2022-08-08 00:15:34.821  INFO 49960 --- [main] o.s.b.w.embedded.tomcat.TomcatWebServer  : Tomcat started on port(s): 9097 (http) with context path ''
2022-08-08 00:15:35.046  WARN 49960 --- [main] d.s.r.o.OperationImplicitParameterReader : Unable to interpret the implicit parameter configuration with dataType: , dataTypeClass: class java.lang.Void
2022-08-08 00:15:35.064  WARN 49960 --- [main] d.s.r.o.OperationImplicitParameterReader : Unable to interpret the implicit parameter configuration with dataType: , dataTypeClass: class java.lang.Void
2022-08-08 00:15:35.065  WARN 49960 --- [main] d.s.r.o.OperationImplicitParameterReader : Unable to interpret the implicit parameter configuration with dataType: , dataTypeClass: class java.lang.Void
2022-08-08 00:15:35.069  WARN 49960 --- [main] d.s.r.o.OperationImplicitParameterReader : Unable to interpret the implicit parameter configuration with dataType: , dataTypeClass: class java.lang.Void
2022-08-08 00:15:35.096  WARN 49960 --- [main] d.s.r.o.OperationImplicitParameterReader : Unable to interpret the implicit parameter configuration with dataType: , dataTypeClass: class java.lang.Void
2022-08-08 00:15:35.101  WARN 49960 --- [main] d.s.r.o.OperationImplicitParameterReader : Unable to interpret the implicit parameter configuration with dataType: , dataTypeClass: class java.lang.Void
2022-08-08 00:15:35.106  WARN 49960 --- [main] d.s.r.o.OperationImplicitParameterReader : Unable to interpret the implicit parameter configuration with dataType: , dataTypeClass: class java.lang.Void
2022-08-08 00:15:35.114  WARN 49960 --- [main] d.s.r.o.OperationImplicitParameterReader : Unable to interpret the implicit parameter configuration with dataType: , dataTypeClass: class java.lang.Void
2022-08-08 00:15:35.118  WARN 49960 --- [main] d.s.r.o.OperationImplicitParameterReader : Unable to interpret the implicit parameter configuration with dataType: , dataTypeClass: class java.lang.Void
2022-08-08 00:15:35.118  WARN 49960 --- [main] d.s.r.o.OperationImplicitParameterReader : Unable to interpret the implicit parameter configuration with dataType: , dataTypeClass: class java.lang.Void
2022-08-08 00:15:35.122  WARN 49960 --- [main] d.s.r.o.OperationImplicitParameterReader : Unable to interpret the implicit parameter configuration with dataType: , dataTypeClass: class java.lang.Void
2022-08-08 00:15:35.142  WARN 49960 --- [main] d.s.r.o.OperationImplicitParameterReader : Unable to interpret the implicit parameter configuration with dataType: , dataTypeClass: class java.lang.Void
2022-08-08 00:15:35.146  WARN 49960 --- [main] d.s.r.o.OperationImplicitParameterReader : Unable to interpret the implicit parameter configuration with dataType: , dataTypeClass: class java.lang.Void
2022-08-08 00:15:35.146  WARN 49960 --- [main] d.s.r.o.OperationImplicitParameterReader : Unable to interpret the implicit parameter configuration with dataType: , dataTypeClass: class java.lang.Void
2022-08-08 00:15:35.151  WARN 49960 --- [main] s.d.s.p.CachingModelPropertiesProvider   : Exception calculating properties for model(com.example.drive.common.R<com.baomidou.mybatisplus.extension.plugins.pagination.Page>) -> ModelContext{groupName=default, type=com.example.drive.common.R<com.baomidou.mybatisplus.extension.plugins.pagination.Page>, isReturnType=true, view=Optional.empty}. 1
2022-08-08 00:15:35.159  WARN 49960 --- [main] s.d.s.p.CachingModelPropertiesProvider   : Exception calculating properties for model(com.example.drive.common.R<com.baomidou.mybatisplus.extension.plugins.pagination.Page>) -> ModelContext{groupName=default, type=com.example.drive.common.R<com.baomidou.mybatisplus.extension.plugins.pagination.Page>, isReturnType=true, view=Optional.empty}. 1
2022-08-08 00:15:35.170  WARN 49960 --- [main] s.d.s.p.CachingModelPropertiesProvider   : Exception calculating properties for model(com.example.drive.common.R<com.example.drive.entity.Employee>) -> ModelContext{groupName=default, type=com.example.drive.common.R<com.example.drive.entity.Employee>, isReturnType=true, view=Optional.empty}. 1
2022-08-08 00:15:35.174  WARN 49960 --- [main] s.d.s.p.CachingModelPropertiesProvider   : Exception calculating properties for model(com.example.drive.common.R<com.example.drive.entity.Employee>) -> ModelContext{groupName=default, type=com.example.drive.common.R<com.example.drive.entity.Employee>, isReturnType=true, view=Optional.empty}. 1
2022-08-08 00:15:35.182  WARN 49960 --- [main] s.d.s.p.CachingModelPropertiesProvider   : Exception calculating properties for model(com.example.drive.common.R<java.lang.String>) -> ModelContext{groupName=default, type=com.example.drive.common.R<java.lang.String>, isReturnType=true, view=Optional.empty}. 1
2022-08-08 00:15:35.183  WARN 49960 --- [main] s.d.s.p.CachingModelPropertiesProvider   : Exception calculating properties for model(com.example.drive.common.R<java.lang.String>) -> ModelContext{groupName=default, type=com.example.drive.common.R<java.lang.String>, isReturnType=true, view=Optional.empty}. 1
2022-08-08 00:15:35.199  WARN 49960 --- [main] d.s.r.o.OperationImplicitParameterReader : Unable to interpret the implicit parameter configuration with dataType: , dataTypeClass: class java.lang.Void
2022-08-08 00:15:35.199  WARN 49960 --- [main] d.s.r.o.OperationImplicitParameterReader : Unable to interpret the implicit parameter configuration with dataType: , dataTypeClass: class java.lang.Void
2022-08-08 00:15:35.203  WARN 49960 --- [main] d.s.r.o.OperationImplicitParameterReader : Unable to interpret the implicit parameter configuration with dataType: , dataTypeClass: class java.lang.Void
2022-08-08 00:15:35.215  WARN 49960 --- [main] d.s.r.o.OperationImplicitParameterReader : Unable to interpret the implicit parameter configuration with dataType: , dataTypeClass: class java.lang.Void
2022-08-08 00:15:35.218  WARN 49960 --- [main] d.s.r.o.OperationImplicitParameterReader : Unable to interpret the implicit parameter configuration with dataType: , dataTypeClass: class java.lang.Void
2022-08-08 00:15:35.220  WARN 49960 --- [main] d.s.r.o.OperationImplicitParameterReader : Unable to interpret the implicit parameter configuration with dataType: , dataTypeClass: class java.lang.Void
2022-08-08 00:15:35.222  WARN 49960 --- [main] d.s.r.o.OperationImplicitParameterReader : Unable to interpret the implicit parameter configuration with dataType: , dataTypeClass: class java.lang.Void
2022-08-08 00:15:35.225  WARN 49960 --- [main] d.s.r.o.OperationImplicitParameterReader : Unable to interpret the implicit parameter configuration with dataType: , dataTypeClass: class java.lang.Void
2022-08-08 00:15:35.225  WARN 49960 --- [main] d.s.r.o.OperationImplicitParameterReader : Unable to interpret the implicit parameter configuration with dataType: , dataTypeClass: class java.lang.Void
2022-08-08 00:15:35.230  WARN 49960 --- [main] d.s.r.o.OperationImplicitParameterReader : Unable to interpret the implicit parameter configuration with dataType: , dataTypeClass: class java.lang.Void
2022-08-08 00:15:35.235  WARN 49960 --- [main] d.s.r.o.OperationImplicitParameterReader : Unable to interpret the implicit parameter configuration with dataType: , dataTypeClass: class java.lang.Void
2022-08-08 00:15:35.248  INFO 49960 --- [main] com.example.drive.DriveApplication       : Started DriveApplication in 7.166 seconds (JVM running for 9.204)
2022-08-08 00:15:48.106  INFO 49960 --- [http-nio-9097-exec-1] o.a.c.c.C.[Tomcat].[localhost].[/]       : Initializing Spring DispatcherServlet 'dispatcherServlet'
2022-08-08 00:15:48.106  INFO 49960 --- [http-nio-9097-exec-1] o.s.web.servlet.DispatcherServlet        : Initializing Servlet 'dispatcherServlet'
2022-08-08 00:15:48.107  INFO 49960 --- [http-nio-9097-exec-1] o.s.web.servlet.DispatcherServlet        : Completed initialization in 1 ms
2022-08-08 00:20:59.224  INFO 50360 --- [main] com.example.drive.DriveApplication       : Starting DriveApplication using Java 1.8.0_191 on LAPTOP-2Q9V9B1L with PID 50360 (D:\shixi\dms-app1\target\classes started by Lenovo in D:\shixi\dms-app1)
2022-08-08 00:20:59.228  INFO 50360 --- [main] com.example.drive.DriveApplication       : No active profile set, falling back to default profiles: default
2022-08-08 00:21:00.255  INFO 50360 --- [main] .s.d.r.c.RepositoryConfigurationDelegate : Multiple Spring Data modules found, entering strict repository configuration mode!
2022-08-08 00:21:00.257  INFO 50360 --- [main] .s.d.r.c.RepositoryConfigurationDelegate : Bootstrapping Spring Data Redis repositories in DEFAULT mode.
2022-08-08 00:21:00.283  INFO 50360 --- [main] .s.d.r.c.RepositoryConfigurationDelegate : Finished Spring Data repository scanning in 13 ms. Found 0 Redis repository interfaces.
2022-08-08 00:21:01.001  INFO 50360 --- [main] o.s.b.w.embedded.tomcat.TomcatWebServer  : Tomcat initialized with port(s): 9097 (http)
2022-08-08 00:21:01.009  INFO 50360 --- [main] o.apache.catalina.core.StandardService   : Starting service [Tomcat]
2022-08-08 00:21:01.010  INFO 50360 --- [main] org.apache.catalina.core.StandardEngine  : Starting Servlet engine: [Apache Tomcat/9.0.56]
2022-08-08 00:21:01.115  INFO 50360 --- [main] o.a.c.c.C.[Tomcat].[localhost].[/]       : Initializing Spring embedded WebApplicationContext
2022-08-08 00:21:01.116  INFO 50360 --- [main] w.s.c.ServletWebServerApplicationContext : Root WebApplicationContext: initialization completed in 1827 ms
2022-08-08 00:21:04.871  INFO 50360 --- [main] o.s.s.web.DefaultSecurityFilterChain     : Will secure Ant [pattern='*/js/**'] with []
2022-08-08 00:21:04.872  INFO 50360 --- [main] o.s.s.web.DefaultSecurityFilterChain     : Will secure Ant [pattern='*/css/**'] with []
2022-08-08 00:21:04.872  INFO 50360 --- [main] o.s.s.web.DefaultSecurityFilterChain     : Will secure Ant [pattern='*/img/**'] with []
2022-08-08 00:21:04.872  INFO 50360 --- [main] o.s.s.web.DefaultSecurityFilterChain     : Will secure Ant [pattern='/**/*.js'] with []
2022-08-08 00:21:04.872  INFO 50360 --- [main] o.s.s.web.DefaultSecurityFilterChain     : Will secure Ant [pattern='/lang/*.json'] with []
2022-08-08 00:21:04.872  INFO 50360 --- [main] o.s.s.web.DefaultSecurityFilterChain     : Will secure Ant [pattern='/**/*.css'] with []
2022-08-08 00:21:04.872  INFO 50360 --- [main] o.s.s.web.DefaultSecurityFilterChain     : Will secure Ant [pattern='/**/*.js'] with []
2022-08-08 00:21:04.872  INFO 50360 --- [main] o.s.s.web.DefaultSecurityFilterChain     : Will secure Ant [pattern='/**/*.map'] with []
2022-08-08 00:21:04.872  INFO 50360 --- [main] o.s.s.web.DefaultSecurityFilterChain     : Will secure Ant [pattern='/**/*.html'] with []
2022-08-08 00:21:04.872  INFO 50360 --- [main] o.s.s.web.DefaultSecurityFilterChain     : Will secure Ant [pattern='/**/*.png'] with []
2022-08-08 00:21:04.872  INFO 50360 --- [main] o.s.s.web.DefaultSecurityFilterChain     : Will secure Ant [pattern='/v2/api-docs', GET] with []
2022-08-08 00:21:04.873  INFO 50360 --- [main] o.s.s.web.DefaultSecurityFilterChain     : Will secure Ant [pattern='/swagger-resources', GET] with []
2022-08-08 00:21:04.873  INFO 50360 --- [main] o.s.s.web.DefaultSecurityFilterChain     : Will secure Ant [pattern='/swagger-resources/**', GET] with []
2022-08-08 00:21:04.873  INFO 50360 --- [main] o.s.s.web.DefaultSecurityFilterChain     : Will secure Ant [pattern='/configuration/ui', GET] with []
2022-08-08 00:21:04.873  INFO 50360 --- [main] o.s.s.web.DefaultSecurityFilterChain     : Will secure Ant [pattern='/configuration/security', GET] with []
2022-08-08 00:21:04.873  INFO 50360 --- [main] o.s.s.web.DefaultSecurityFilterChain     : Will secure Ant [pattern='/swagger-ui.html/**', GET] with []
2022-08-08 00:21:04.873  INFO 50360 --- [main] o.s.s.web.DefaultSecurityFilterChain     : Will secure Ant [pattern='/webjars/**', GET] with []
2022-08-08 00:21:04.873  INFO 50360 --- [main] o.s.s.web.DefaultSecurityFilterChain     : Will secure Ant [pattern='/temp', GET] with []
2022-08-08 00:21:04.873  INFO 50360 --- [main] o.s.s.web.DefaultSecurityFilterChain     : Will secure Ant [pattern='/backend/**', GET] with []
2022-08-08 00:21:04.874  INFO 50360 --- [main] o.s.s.web.DefaultSecurityFilterChain     : Will secure Ant [pattern='/backend/**'] with []
2022-08-08 00:21:04.903  INFO 50360 --- [main] o.s.s.web.DefaultSecurityFilterChain     : Will secure any request with [org.springframework.security.web.context.request.async.WebAsyncManagerIntegrationFilter@4beae1e3, org.springframework.security.web.context.SecurityContextPersistenceFilter@45b96e4c, org.springframework.security.web.header.HeaderWriterFilter@32b46831, org.springframework.web.filter.CorsFilter@3c488b34, org.springframework.security.web.authentication.logout.LogoutFilter@45e11627, com.example.drive.config.JwtLoginFilter@32e697ac, com.example.drive.config.JwtFilter@3866c96e, org.springframework.security.web.savedrequest.RequestCacheAwareFilter@7dd45c93, org.springframework.security.web.servletapi.SecurityContextHolderAwareRequestFilter@16b64a03, org.springframework.security.web.authentication.AnonymousAuthenticationFilter@241fc278, org.springframework.security.web.session.SessionManagementFilter@320ff86f, org.springframework.security.web.access.ExceptionTranslationFilter@4492b393, org.springframework.security.web.access.intercept.FilterSecurityInterceptor@c318864]
2022-08-08 00:21:05.042  INFO 50360 --- [main] o.s.b.w.embedded.tomcat.TomcatWebServer  : Tomcat started on port(s): 9097 (http) with context path ''
2022-08-08 00:21:05.211  WARN 50360 --- [main] d.s.r.o.OperationImplicitParameterReader : Unable to interpret the implicit parameter configuration with dataType: , dataTypeClass: class java.lang.Void
2022-08-08 00:21:05.221  WARN 50360 --- [main] d.s.r.o.OperationImplicitParameterReader : Unable to interpret the implicit parameter configuration with dataType: , dataTypeClass: class java.lang.Void
2022-08-08 00:21:05.221  WARN 50360 --- [main] d.s.r.o.OperationImplicitParameterReader : Unable to interpret the implicit parameter configuration with dataType: , dataTypeClass: class java.lang.Void
2022-08-08 00:21:05.224  WARN 50360 --- [main] d.s.r.o.OperationImplicitParameterReader : Unable to interpret the implicit parameter configuration with dataType: , dataTypeClass: class java.lang.Void
2022-08-08 00:21:05.239  WARN 50360 --- [main] d.s.r.o.OperationImplicitParameterReader : Unable to interpret the implicit parameter configuration with dataType: , dataTypeClass: class java.lang.Void
2022-08-08 00:21:05.242  WARN 50360 --- [main] d.s.r.o.OperationImplicitParameterReader : Unable to interpret the implicit parameter configuration with dataType: , dataTypeClass: class java.lang.Void
2022-08-08 00:21:05.245  WARN 50360 --- [main] d.s.r.o.OperationImplicitParameterReader : Unable to interpret the implicit parameter configuration with dataType: , dataTypeClass: class java.lang.Void
2022-08-08 00:21:05.252  WARN 50360 --- [main] d.s.r.o.OperationImplicitParameterReader : Unable to interpret the implicit parameter configuration with dataType: , dataTypeClass: class java.lang.Void
2022-08-08 00:21:05.255  WARN 50360 --- [main] d.s.r.o.OperationImplicitParameterReader : Unable to interpret the implicit parameter configuration with dataType: , dataTypeClass: class java.lang.Void
2022-08-08 00:21:05.255  WARN 50360 --- [main] d.s.r.o.OperationImplicitParameterReader : Unable to interpret the implicit parameter configuration with dataType: , dataTypeClass: class java.lang.Void
2022-08-08 00:21:05.257  WARN 50360 --- [main] d.s.r.o.OperationImplicitParameterReader : Unable to interpret the implicit parameter configuration with dataType: , dataTypeClass: class java.lang.Void
2022-08-08 00:21:05.268  WARN 50360 --- [main] d.s.r.o.OperationImplicitParameterReader : Unable to interpret the implicit parameter configuration with dataType: , dataTypeClass: class java.lang.Void
2022-08-08 00:21:05.272  WARN 50360 --- [main] d.s.r.o.OperationImplicitParameterReader : Unable to interpret the implicit parameter configuration with dataType: , dataTypeClass: class java.lang.Void
2022-08-08 00:21:05.272  WARN 50360 --- [main] d.s.r.o.OperationImplicitParameterReader : Unable to interpret the implicit parameter configuration with dataType: , dataTypeClass: class java.lang.Void
2022-08-08 00:21:05.276  WARN 50360 --- [main] s.d.s.p.CachingModelPropertiesProvider   : Exception calculating properties for model(com.example.drive.common.R<com.baomidou.mybatisplus.extension.plugins.pagination.Page>) -> ModelContext{groupName=default, type=com.example.drive.common.R<com.baomidou.mybatisplus.extension.plugins.pagination.Page>, isReturnType=true, view=Optional.empty}. 1
2022-08-08 00:21:05.285  WARN 50360 --- [main] s.d.s.p.CachingModelPropertiesProvider   : Exception calculating properties for model(com.example.drive.common.R<com.baomidou.mybatisplus.extension.plugins.pagination.Page>) -> ModelContext{groupName=default, type=com.example.drive.common.R<com.baomidou.mybatisplus.extension.plugins.pagination.Page>, isReturnType=true, view=Optional.empty}. 1
2022-08-08 00:21:05.295  WARN 50360 --- [main] s.d.s.p.CachingModelPropertiesProvider   : Exception calculating properties for model(com.example.drive.common.R<com.example.drive.entity.Employee>) -> ModelContext{groupName=default, type=com.example.drive.common.R<com.example.drive.entity.Employee>, isReturnType=true, view=Optional.empty}. 1
2022-08-08 00:21:05.300  WARN 50360 --- [main] s.d.s.p.CachingModelPropertiesProvider   : Exception calculating properties for model(com.example.drive.common.R<com.example.drive.entity.Employee>) -> ModelContext{groupName=default, type=com.example.drive.common.R<com.example.drive.entity.Employee>, isReturnType=true, view=Optional.empty}. 1
2022-08-08 00:21:05.307  WARN 50360 --- [main] s.d.s.p.CachingModelPropertiesProvider   : Exception calculating properties for model(com.example.drive.common.R<java.lang.String>) -> ModelContext{groupName=default, type=com.example.drive.common.R<java.lang.String>, isReturnType=true, view=Optional.empty}. 1
2022-08-08 00:21:05.308  WARN 50360 --- [main] s.d.s.p.CachingModelPropertiesProvider   : Exception calculating properties for model(com.example.drive.common.R<java.lang.String>) -> ModelContext{groupName=default, type=com.example.drive.common.R<java.lang.String>, isReturnType=true, view=Optional.empty}. 1
2022-08-08 00:21:05.323  WARN 50360 --- [main] d.s.r.o.OperationImplicitParameterReader : Unable to interpret the implicit parameter configuration with dataType: , dataTypeClass: class java.lang.Void
2022-08-08 00:21:05.324  WARN 50360 --- [main] d.s.r.o.OperationImplicitParameterReader : Unable to interpret the implicit parameter configuration with dataType: , dataTypeClass: class java.lang.Void
2022-08-08 00:21:05.327  WARN 50360 --- [main] d.s.r.o.OperationImplicitParameterReader : Unable to interpret the implicit parameter configuration with dataType: , dataTypeClass: class java.lang.Void
2022-08-08 00:21:05.340  WARN 50360 --- [main] d.s.r.o.OperationImplicitParameterReader : Unable to interpret the implicit parameter configuration with dataType: , dataTypeClass: class java.lang.Void
2022-08-08 00:21:05.342  WARN 50360 --- [main] d.s.r.o.OperationImplicitParameterReader : Unable to interpret the implicit parameter configuration with dataType: , dataTypeClass: class java.lang.Void
2022-08-08 00:21:05.344  WARN 50360 --- [main] d.s.r.o.OperationImplicitParameterReader : Unable to interpret the implicit parameter configuration with dataType: , dataTypeClass: class java.lang.Void
2022-08-08 00:21:05.346  WARN 50360 --- [main] d.s.r.o.OperationImplicitParameterReader : Unable to interpret the implicit parameter configuration with dataType: , dataTypeClass: class java.lang.Void
2022-08-08 00:21:05.350  WARN 50360 --- [main] d.s.r.o.OperationImplicitParameterReader : Unable to interpret the implicit parameter configuration with dataType: , dataTypeClass: class java.lang.Void
2022-08-08 00:21:05.350  WARN 50360 --- [main] d.s.r.o.OperationImplicitParameterReader : Unable to interpret the implicit parameter configuration with dataType: , dataTypeClass: class java.lang.Void
2022-08-08 00:21:05.354  WARN 50360 --- [main] d.s.r.o.OperationImplicitParameterReader : Unable to interpret the implicit parameter configuration with dataType: , dataTypeClass: class java.lang.Void
2022-08-08 00:21:05.360  WARN 50360 --- [main] d.s.r.o.OperationImplicitParameterReader : Unable to interpret the implicit parameter configuration with dataType: , dataTypeClass: class java.lang.Void
2022-08-08 00:21:05.373  INFO 50360 --- [main] com.example.drive.DriveApplication       : Started DriveApplication in 6.605 seconds (JVM running for 8.514)
2022-08-08 00:21:55.612  INFO 50360 --- [http-nio-9097-exec-1] o.a.c.c.C.[Tomcat].[localhost].[/]       : Initializing Spring DispatcherServlet 'dispatcherServlet'
2022-08-08 00:21:55.612  INFO 50360 --- [http-nio-9097-exec-1] o.s.web.servlet.DispatcherServlet        : Initializing Servlet 'dispatcherServlet'
2022-08-08 00:21:55.613  INFO 50360 --- [http-nio-9097-exec-1] o.s.web.servlet.DispatcherServlet        : Completed initialization in 1 ms
2022-08-08 00:26:15.616  INFO 15704 --- [main] com.example.drive.DriveApplication       : Starting DriveApplication using Java 1.8.0_191 on LAPTOP-2Q9V9B1L with PID 15704 (D:\shixi\dms-app1\target\classes started by Lenovo in D:\shixi\dms-app1)
2022-08-08 00:26:15.618  INFO 15704 --- [main] com.example.drive.DriveApplication       : No active profile set, falling back to default profiles: default
2022-08-08 00:26:16.681  INFO 15704 --- [main] .s.d.r.c.RepositoryConfigurationDelegate : Multiple Spring Data modules found, entering strict repository configuration mode!
2022-08-08 00:26:16.683  INFO 15704 --- [main] .s.d.r.c.RepositoryConfigurationDelegate : Bootstrapping Spring Data Redis repositories in DEFAULT mode.
2022-08-08 00:26:16.710  INFO 15704 --- [main] .s.d.r.c.RepositoryConfigurationDelegate : Finished Spring Data repository scanning in 13 ms. Found 0 Redis repository interfaces.
2022-08-08 00:26:17.458  INFO 15704 --- [main] o.s.b.w.embedded.tomcat.TomcatWebServer  : Tomcat initialized with port(s): 9097 (http)
2022-08-08 00:26:17.468  INFO 15704 --- [main] o.apache.catalina.core.StandardService   : Starting service [Tomcat]
2022-08-08 00:26:17.469  INFO 15704 --- [main] org.apache.catalina.core.StandardEngine  : Starting Servlet engine: [Apache Tomcat/9.0.56]
2022-08-08 00:26:17.586  INFO 15704 --- [main] o.a.c.c.C.[Tomcat].[localhost].[/]       : Initializing Spring embedded WebApplicationContext
2022-08-08 00:26:17.586  INFO 15704 --- [main] w.s.c.ServletWebServerApplicationContext : Root WebApplicationContext: initialization completed in 1910 ms
2022-08-08 00:26:22.049  INFO 15704 --- [main] o.s.s.web.DefaultSecurityFilterChain     : Will secure Ant [pattern='*/js/**'] with []
2022-08-08 00:26:22.050  INFO 15704 --- [main] o.s.s.web.DefaultSecurityFilterChain     : Will secure Ant [pattern='*/css/**'] with []
2022-08-08 00:26:22.050  INFO 15704 --- [main] o.s.s.web.DefaultSecurityFilterChain     : Will secure Ant [pattern='*/img/**'] with []
2022-08-08 00:26:22.050  INFO 15704 --- [main] o.s.s.web.DefaultSecurityFilterChain     : Will secure Ant [pattern='/**/*.js'] with []
2022-08-08 00:26:22.050  INFO 15704 --- [main] o.s.s.web.DefaultSecurityFilterChain     : Will secure Ant [pattern='/lang/*.json'] with []
2022-08-08 00:26:22.050  INFO 15704 --- [main] o.s.s.web.DefaultSecurityFilterChain     : Will secure Ant [pattern='/**/*.css'] with []
2022-08-08 00:26:22.050  INFO 15704 --- [main] o.s.s.web.DefaultSecurityFilterChain     : Will secure Ant [pattern='/**/*.js'] with []
2022-08-08 00:26:22.050  INFO 15704 --- [main] o.s.s.web.DefaultSecurityFilterChain     : Will secure Ant [pattern='/**/*.map'] with []
2022-08-08 00:26:22.050  INFO 15704 --- [main] o.s.s.web.DefaultSecurityFilterChain     : Will secure Ant [pattern='/**/*.html'] with []
2022-08-08 00:26:22.051  INFO 15704 --- [main] o.s.s.web.DefaultSecurityFilterChain     : Will secure Ant [pattern='/**/*.png'] with []
2022-08-08 00:26:22.051  INFO 15704 --- [main] o.s.s.web.DefaultSecurityFilterChain     : Will secure Ant [pattern='/v2/api-docs', GET] with []
2022-08-08 00:26:22.051  INFO 15704 --- [main] o.s.s.web.DefaultSecurityFilterChain     : Will secure Ant [pattern='/swagger-resources', GET] with []
2022-08-08 00:26:22.051  INFO 15704 --- [main] o.s.s.web.DefaultSecurityFilterChain     : Will secure Ant [pattern='/swagger-resources/**', GET] with []
2022-08-08 00:26:22.051  INFO 15704 --- [main] o.s.s.web.DefaultSecurityFilterChain     : Will secure Ant [pattern='/configuration/ui', GET] with []
2022-08-08 00:26:22.051  INFO 15704 --- [main] o.s.s.web.DefaultSecurityFilterChain     : Will secure Ant [pattern='/configuration/security', GET] with []
2022-08-08 00:26:22.051  INFO 15704 --- [main] o.s.s.web.DefaultSecurityFilterChain     : Will secure Ant [pattern='/swagger-ui.html/**', GET] with []
2022-08-08 00:26:22.051  INFO 15704 --- [main] o.s.s.web.DefaultSecurityFilterChain     : Will secure Ant [pattern='/webjars/**', GET] with []
2022-08-08 00:26:22.051  INFO 15704 --- [main] o.s.s.web.DefaultSecurityFilterChain     : Will secure Ant [pattern='/temp', GET] with []
2022-08-08 00:26:22.051  INFO 15704 --- [main] o.s.s.web.DefaultSecurityFilterChain     : Will secure Ant [pattern='/backend/**'] with []
2022-08-08 00:26:22.087  INFO 15704 --- [main] o.s.s.web.DefaultSecurityFilterChain     : Will secure any request with [org.springframework.security.web.context.request.async.WebAsyncManagerIntegrationFilter@21e484b, org.springframework.security.web.context.SecurityContextPersistenceFilter@6fde6f05, org.springframework.security.web.header.HeaderWriterFilter@205159dc, org.springframework.web.filter.CorsFilter@191f4d65, org.springframework.security.web.authentication.logout.LogoutFilter@cd5ff55, com.example.drive.config.JwtLoginFilter@7a2a7492, com.example.drive.config.JwtFilter@6326c5ec, org.springframework.security.web.savedrequest.RequestCacheAwareFilter@73b74615, org.springframework.security.web.servletapi.SecurityContextHolderAwareRequestFilter@320ff86f, org.springframework.security.web.authentication.AnonymousAuthenticationFilter@138a85d3, org.springframework.security.web.session.SessionManagementFilter@731db93f, org.springframework.security.web.access.ExceptionTranslationFilter@406ad6d5, org.springframework.security.web.access.intercept.FilterSecurityInterceptor@5f45bc8e]
2022-08-08 00:26:22.239  INFO 15704 --- [main] o.s.b.w.embedded.tomcat.TomcatWebServer  : Tomcat started on port(s): 9097 (http) with context path ''
2022-08-08 00:26:22.439  WARN 15704 --- [main] d.s.r.o.OperationImplicitParameterReader : Unable to interpret the implicit parameter configuration with dataType: , dataTypeClass: class java.lang.Void
2022-08-08 00:26:22.450  WARN 15704 --- [main] d.s.r.o.OperationImplicitParameterReader : Unable to interpret the implicit parameter configuration with dataType: , dataTypeClass: class java.lang.Void
2022-08-08 00:26:22.450  WARN 15704 --- [main] d.s.r.o.OperationImplicitParameterReader : Unable to interpret the implicit parameter configuration with dataType: , dataTypeClass: class java.lang.Void
2022-08-08 00:26:22.454  WARN 15704 --- [main] d.s.r.o.OperationImplicitParameterReader : Unable to interpret the implicit parameter configuration with dataType: , dataTypeClass: class java.lang.Void
2022-08-08 00:26:22.471  WARN 15704 --- [main] d.s.r.o.OperationImplicitParameterReader : Unable to interpret the implicit parameter configuration with dataType: , dataTypeClass: class java.lang.Void
2022-08-08 00:26:22.474  WARN 15704 --- [main] d.s.r.o.OperationImplicitParameterReader : Unable to interpret the implicit parameter configuration with dataType: , dataTypeClass: class java.lang.Void
2022-08-08 00:26:22.478  WARN 15704 --- [main] d.s.r.o.OperationImplicitParameterReader : Unable to interpret the implicit parameter configuration with dataType: , dataTypeClass: class java.lang.Void
2022-08-08 00:26:22.486  WARN 15704 --- [main] d.s.r.o.OperationImplicitParameterReader : Unable to interpret the implicit parameter configuration with dataType: , dataTypeClass: class java.lang.Void
2022-08-08 00:26:22.491  WARN 15704 --- [main] d.s.r.o.OperationImplicitParameterReader : Unable to interpret the implicit parameter configuration with dataType: , dataTypeClass: class java.lang.Void
2022-08-08 00:26:22.491  WARN 15704 --- [main] d.s.r.o.OperationImplicitParameterReader : Unable to interpret the implicit parameter configuration with dataType: , dataTypeClass: class java.lang.Void
2022-08-08 00:26:22.494  WARN 15704 --- [main] d.s.r.o.OperationImplicitParameterReader : Unable to interpret the implicit parameter configuration with dataType: , dataTypeClass: class java.lang.Void
2022-08-08 00:26:22.508  WARN 15704 --- [main] d.s.r.o.OperationImplicitParameterReader : Unable to interpret the implicit parameter configuration with dataType: , dataTypeClass: class java.lang.Void
2022-08-08 00:26:22.512  WARN 15704 --- [main] d.s.r.o.OperationImplicitParameterReader : Unable to interpret the implicit parameter configuration with dataType: , dataTypeClass: class java.lang.Void
2022-08-08 00:26:22.512  WARN 15704 --- [main] d.s.r.o.OperationImplicitParameterReader : Unable to interpret the implicit parameter configuration with dataType: , dataTypeClass: class java.lang.Void
2022-08-08 00:26:22.519  WARN 15704 --- [main] s.d.s.p.CachingModelPropertiesProvider   : Exception calculating properties for model(com.example.drive.common.R<com.baomidou.mybatisplus.extension.plugins.pagination.Page>) -> ModelContext{groupName=default, type=com.example.drive.common.R<com.baomidou.mybatisplus.extension.plugins.pagination.Page>, isReturnType=true, view=Optional.empty}. 1
2022-08-08 00:26:22.530  WARN 15704 --- [main] s.d.s.p.CachingModelPropertiesProvider   : Exception calculating properties for model(com.example.drive.common.R<com.baomidou.mybatisplus.extension.plugins.pagination.Page>) -> ModelContext{groupName=default, type=com.example.drive.common.R<com.baomidou.mybatisplus.extension.plugins.pagination.Page>, isReturnType=true, view=Optional.empty}. 1
2022-08-08 00:26:22.547  WARN 15704 --- [main] s.d.s.p.CachingModelPropertiesProvider   : Exception calculating properties for model(com.example.drive.common.R<com.example.drive.entity.Employee>) -> ModelContext{groupName=default, type=com.example.drive.common.R<com.example.drive.entity.Employee>, isReturnType=true, view=Optional.empty}. 1
2022-08-08 00:26:22.555  WARN 15704 --- [main] s.d.s.p.CachingModelPropertiesProvider   : Exception calculating properties for model(com.example.drive.common.R<com.example.drive.entity.Employee>) -> ModelContext{groupName=default, type=com.example.drive.common.R<com.example.drive.entity.Employee>, isReturnType=true, view=Optional.empty}. 1
2022-08-08 00:26:22.564  WARN 15704 --- [main] s.d.s.p.CachingModelPropertiesProvider   : Exception calculating properties for model(com.example.drive.common.R<java.lang.String>) -> ModelContext{groupName=default, type=com.example.drive.common.R<java.lang.String>, isReturnType=true, view=Optional.empty}. 1
2022-08-08 00:26:22.565  WARN 15704 --- [main] s.d.s.p.CachingModelPropertiesProvider   : Exception calculating properties for model(com.example.drive.common.R<java.lang.String>) -> ModelContext{groupName=default, type=com.example.drive.common.R<java.lang.String>, isReturnType=true, view=Optional.empty}. 1
2022-08-08 00:26:22.582  WARN 15704 --- [main] d.s.r.o.OperationImplicitParameterReader : Unable to interpret the implicit parameter configuration with dataType: , dataTypeClass: class java.lang.Void
2022-08-08 00:26:22.582  WARN 15704 --- [main] d.s.r.o.OperationImplicitParameterReader : Unable to interpret the implicit parameter configuration with dataType: , dataTypeClass: class java.lang.Void
2022-08-08 00:26:22.587  WARN 15704 --- [main] d.s.r.o.OperationImplicitParameterReader : Unable to interpret the implicit parameter configuration with dataType: , dataTypeClass: class java.lang.Void
2022-08-08 00:26:22.605  WARN 15704 --- [main] d.s.r.o.OperationImplicitParameterReader : Unable to interpret the implicit parameter configuration with dataType: , dataTypeClass: class java.lang.Void
2022-08-08 00:26:22.609  WARN 15704 --- [main] d.s.r.o.OperationImplicitParameterReader : Unable to interpret the implicit parameter configuration with dataType: , dataTypeClass: class java.lang.Void
2022-08-08 00:26:22.613  WARN 15704 --- [main] d.s.r.o.OperationImplicitParameterReader : Unable to interpret the implicit parameter configuration with dataType: , dataTypeClass: class java.lang.Void
2022-08-08 00:26:22.616  WARN 15704 --- [main] d.s.r.o.OperationImplicitParameterReader : Unable to interpret the implicit parameter configuration with dataType: , dataTypeClass: class java.lang.Void
2022-08-08 00:26:22.621  WARN 15704 --- [main] d.s.r.o.OperationImplicitParameterReader : Unable to interpret the implicit parameter configuration with dataType: , dataTypeClass: class java.lang.Void
2022-08-08 00:26:22.622  WARN 15704 --- [main] d.s.r.o.OperationImplicitParameterReader : Unable to interpret the implicit parameter configuration with dataType: , dataTypeClass: class java.lang.Void
2022-08-08 00:26:22.628  WARN 15704 --- [main] d.s.r.o.OperationImplicitParameterReader : Unable to interpret the implicit parameter configuration with dataType: , dataTypeClass: class java.lang.Void
2022-08-08 00:26:22.634  WARN 15704 --- [main] d.s.r.o.OperationImplicitParameterReader : Unable to interpret the implicit parameter configuration with dataType: , dataTypeClass: class java.lang.Void
2022-08-08 00:26:22.653  INFO 15704 --- [main] com.example.drive.DriveApplication       : Started DriveApplication in 7.528 seconds (JVM running for 9.508)
2022-08-08 00:26:33.238  INFO 15704 --- [http-nio-9097-exec-1] o.a.c.c.C.[Tomcat].[localhost].[/]       : Initializing Spring DispatcherServlet 'dispatcherServlet'
2022-08-08 00:26:33.238  INFO 15704 --- [http-nio-9097-exec-1] o.s.web.servlet.DispatcherServlet        : Initializing Servlet 'dispatcherServlet'
2022-08-08 00:26:33.241  INFO 15704 --- [http-nio-9097-exec-1] o.s.web.servlet.DispatcherServlet        : Completed initialization in 3 ms
2022-08-08 00:28:13.063  INFO 30444 --- [main] com.example.drive.DriveApplication       : Starting DriveApplication using Java 1.8.0_191 on LAPTOP-2Q9V9B1L with PID 30444 (D:\shixi\dms-app1\target\classes started by Lenovo in D:\shixi\dms-app1)
2022-08-08 00:28:13.066  INFO 30444 --- [main] com.example.drive.DriveApplication       : No active profile set, falling back to default profiles: default
2022-08-08 00:28:14.231  INFO 30444 --- [main] .s.d.r.c.RepositoryConfigurationDelegate : Multiple Spring Data modules found, entering strict repository configuration mode!
2022-08-08 00:28:14.233  INFO 30444 --- [main] .s.d.r.c.RepositoryConfigurationDelegate : Bootstrapping Spring Data Redis repositories in DEFAULT mode.
2022-08-08 00:28:14.263  INFO 30444 --- [main] .s.d.r.c.RepositoryConfigurationDelegate : Finished Spring Data repository scanning in 16 ms. Found 0 Redis repository interfaces.
2022-08-08 00:28:15.031  INFO 30444 --- [main] o.s.b.w.embedded.tomcat.TomcatWebServer  : Tomcat initialized with port(s): 9097 (http)
2022-08-08 00:28:15.038  INFO 30444 --- [main] o.apache.catalina.core.StandardService   : Starting service [Tomcat]
2022-08-08 00:28:15.039  INFO 30444 --- [main] org.apache.catalina.core.StandardEngine  : Starting Servlet engine: [Apache Tomcat/9.0.56]
2022-08-08 00:28:15.176  INFO 30444 --- [main] o.a.c.c.C.[Tomcat].[localhost].[/]       : Initializing Spring embedded WebApplicationContext
2022-08-08 00:28:15.177  INFO 30444 --- [main] w.s.c.ServletWebServerApplicationContext : Root WebApplicationContext: initialization completed in 2061 ms
2022-08-08 00:28:19.118  INFO 30444 --- [main] o.s.s.web.DefaultSecurityFilterChain     : Will secure Ant [pattern='*/js/**'] with []
2022-08-08 00:28:19.118  INFO 30444 --- [main] o.s.s.web.DefaultSecurityFilterChain     : Will secure Ant [pattern='*/css/**'] with []
2022-08-08 00:28:19.118  INFO 30444 --- [main] o.s.s.web.DefaultSecurityFilterChain     : Will secure Ant [pattern='*/img/**'] with []
2022-08-08 00:28:19.118  INFO 30444 --- [main] o.s.s.web.DefaultSecurityFilterChain     : Will secure Ant [pattern='/**/*.js'] with []
2022-08-08 00:28:19.118  INFO 30444 --- [main] o.s.s.web.DefaultSecurityFilterChain     : Will secure Ant [pattern='/lang/*.json'] with []
2022-08-08 00:28:19.118  INFO 30444 --- [main] o.s.s.web.DefaultSecurityFilterChain     : Will secure Ant [pattern='/**/*.css'] with []
2022-08-08 00:28:19.119  INFO 30444 --- [main] o.s.s.web.DefaultSecurityFilterChain     : Will secure Ant [pattern='/**/*.js'] with []
2022-08-08 00:28:19.119  INFO 30444 --- [main] o.s.s.web.DefaultSecurityFilterChain     : Will secure Ant [pattern='/**/*.map'] with []
2022-08-08 00:28:19.119  INFO 30444 --- [main] o.s.s.web.DefaultSecurityFilterChain     : Will secure Ant [pattern='/**/*.html'] with []
2022-08-08 00:28:19.119  INFO 30444 --- [main] o.s.s.web.DefaultSecurityFilterChain     : Will secure Ant [pattern='/**/*.png'] with []
2022-08-08 00:28:19.119  INFO 30444 --- [main] o.s.s.web.DefaultSecurityFilterChain     : Will secure Ant [pattern='/v2/api-docs', GET] with []
2022-08-08 00:28:19.119  INFO 30444 --- [main] o.s.s.web.DefaultSecurityFilterChain     : Will secure Ant [pattern='/swagger-resources', GET] with []
2022-08-08 00:28:19.119  INFO 30444 --- [main] o.s.s.web.DefaultSecurityFilterChain     : Will secure Ant [pattern='/swagger-resources/**', GET] with []
2022-08-08 00:28:19.119  INFO 30444 --- [main] o.s.s.web.DefaultSecurityFilterChain     : Will secure Ant [pattern='/configuration/ui', GET] with []
2022-08-08 00:28:19.119  INFO 30444 --- [main] o.s.s.web.DefaultSecurityFilterChain     : Will secure Ant [pattern='/configuration/security', GET] with []
2022-08-08 00:28:19.119  INFO 30444 --- [main] o.s.s.web.DefaultSecurityFilterChain     : Will secure Ant [pattern='/swagger-ui.html/**', GET] with []
2022-08-08 00:28:19.119  INFO 30444 --- [main] o.s.s.web.DefaultSecurityFilterChain     : Will secure Ant [pattern='/webjars/**', GET] with []
2022-08-08 00:28:19.120  INFO 30444 --- [main] o.s.s.web.DefaultSecurityFilterChain     : Will secure Ant [pattern='/temp', GET] with []
2022-08-08 00:28:19.120  INFO 30444 --- [main] o.s.s.web.DefaultSecurityFilterChain     : Will secure Ant [pattern='/backend/**'] with []
2022-08-08 00:28:19.152  INFO 30444 --- [main] o.s.s.web.DefaultSecurityFilterChain     : Will secure any request with [org.springframework.security.web.context.request.async.WebAsyncManagerIntegrationFilter@5ad57e90, org.springframework.security.web.context.SecurityContextPersistenceFilter@2e29f28e, org.springframework.security.web.header.HeaderWriterFilter@4492b393, org.springframework.web.filter.CorsFilter@1a345298, org.springframework.security.web.authentication.logout.LogoutFilter@3ad847f8, com.example.drive.config.JwtLoginFilter@4ad896f7, com.example.drive.config.JwtFilter@c318864, org.springframework.security.web.savedrequest.RequestCacheAwareFilter@379f9555, org.springframework.security.web.servletapi.SecurityContextHolderAwareRequestFilter@cdbe995, org.springframework.security.web.authentication.AnonymousAuthenticationFilter@7d61468c, org.springframework.security.web.session.SessionManagementFilter@63a7781, org.springframework.security.web.access.ExceptionTranslationFilter@7114e780, org.springframework.security.web.access.intercept.FilterSecurityInterceptor@5731caaf]
2022-08-08 00:28:19.288  INFO 30444 --- [main] o.s.b.w.embedded.tomcat.TomcatWebServer  : Tomcat started on port(s): 9097 (http) with context path ''
2022-08-08 00:28:19.455  WARN 30444 --- [main] d.s.r.o.OperationImplicitParameterReader : Unable to interpret the implicit parameter configuration with dataType: , dataTypeClass: class java.lang.Void
2022-08-08 00:28:19.464  WARN 30444 --- [main] d.s.r.o.OperationImplicitParameterReader : Unable to interpret the implicit parameter configuration with dataType: , dataTypeClass: class java.lang.Void
2022-08-08 00:28:19.464  WARN 30444 --- [main] d.s.r.o.OperationImplicitParameterReader : Unable to interpret the implicit parameter configuration with dataType: , dataTypeClass: class java.lang.Void
2022-08-08 00:28:19.467  WARN 30444 --- [main] d.s.r.o.OperationImplicitParameterReader : Unable to interpret the implicit parameter configuration with dataType: , dataTypeClass: class java.lang.Void
2022-08-08 00:28:19.482  WARN 30444 --- [main] d.s.r.o.OperationImplicitParameterReader : Unable to interpret the implicit parameter configuration with dataType: , dataTypeClass: class java.lang.Void
2022-08-08 00:28:19.485  WARN 30444 --- [main] d.s.r.o.OperationImplicitParameterReader : Unable to interpret the implicit parameter configuration with dataType: , dataTypeClass: class java.lang.Void
2022-08-08 00:28:19.489  WARN 30444 --- [main] d.s.r.o.OperationImplicitParameterReader : Unable to interpret the implicit parameter configuration with dataType: , dataTypeClass: class java.lang.Void
2022-08-08 00:28:19.496  WARN 30444 --- [main] d.s.r.o.OperationImplicitParameterReader : Unable to interpret the implicit parameter configuration with dataType: , dataTypeClass: class java.lang.Void
2022-08-08 00:28:19.499  WARN 30444 --- [main] d.s.r.o.OperationImplicitParameterReader : Unable to interpret the implicit parameter configuration with dataType: , dataTypeClass: class java.lang.Void
2022-08-08 00:28:19.499  WARN 30444 --- [main] d.s.r.o.OperationImplicitParameterReader : Unable to interpret the implicit parameter configuration with dataType: , dataTypeClass: class java.lang.Void
2022-08-08 00:28:19.502  WARN 30444 --- [main] d.s.r.o.OperationImplicitParameterReader : Unable to interpret the implicit parameter configuration with dataType: , dataTypeClass: class java.lang.Void
2022-08-08 00:28:19.515  WARN 30444 --- [main] d.s.r.o.OperationImplicitParameterReader : Unable to interpret the implicit parameter configuration with dataType: , dataTypeClass: class java.lang.Void
2022-08-08 00:28:19.518  WARN 30444 --- [main] d.s.r.o.OperationImplicitParameterReader : Unable to interpret the implicit parameter configuration with dataType: , dataTypeClass: class java.lang.Void
2022-08-08 00:28:19.518  WARN 30444 --- [main] d.s.r.o.OperationImplicitParameterReader : Unable to interpret the implicit parameter configuration with dataType: , dataTypeClass: class java.lang.Void
2022-08-08 00:28:19.523  WARN 30444 --- [main] s.d.s.p.CachingModelPropertiesProvider   : Exception calculating properties for model(com.example.drive.common.R<com.baomidou.mybatisplus.extension.plugins.pagination.Page>) -> ModelContext{groupName=default, type=com.example.drive.common.R<com.baomidou.mybatisplus.extension.plugins.pagination.Page>, isReturnType=true, view=Optional.empty}. 1
2022-08-08 00:28:19.530  WARN 30444 --- [main] s.d.s.p.CachingModelPropertiesProvider   : Exception calculating properties for model(com.example.drive.common.R<com.baomidou.mybatisplus.extension.plugins.pagination.Page>) -> ModelContext{groupName=default, type=com.example.drive.common.R<com.baomidou.mybatisplus.extension.plugins.pagination.Page>, isReturnType=true, view=Optional.empty}. 1
2022-08-08 00:28:19.541  WARN 30444 --- [main] s.d.s.p.CachingModelPropertiesProvider   : Exception calculating properties for model(com.example.drive.common.R<com.example.drive.entity.Employee>) -> ModelContext{groupName=default, type=com.example.drive.common.R<com.example.drive.entity.Employee>, isReturnType=true, view=Optional.empty}. 1
2022-08-08 00:28:19.547  WARN 30444 --- [main] s.d.s.p.CachingModelPropertiesProvider   : Exception calculating properties for model(com.example.drive.common.R<com.example.drive.entity.Employee>) -> ModelContext{groupName=default, type=com.example.drive.common.R<com.example.drive.entity.Employee>, isReturnType=true, view=Optional.empty}. 1
2022-08-08 00:28:19.555  WARN 30444 --- [main] s.d.s.p.CachingModelPropertiesProvider   : Exception calculating properties for model(com.example.drive.common.R<java.lang.String>) -> ModelContext{groupName=default, type=com.example.drive.common.R<java.lang.String>, isReturnType=true, view=Optional.empty}. 1
2022-08-08 00:28:19.556  WARN 30444 --- [main] s.d.s.p.CachingModelPropertiesProvider   : Exception calculating properties for model(com.example.drive.common.R<java.lang.String>) -> ModelContext{groupName=default, type=com.example.drive.common.R<java.lang.String>, isReturnType=true, view=Optional.empty}. 1
2022-08-08 00:28:19.573  WARN 30444 --- [main] d.s.r.o.OperationImplicitParameterReader : Unable to interpret the implicit parameter configuration with dataType: , dataTypeClass: class java.lang.Void
2022-08-08 00:28:19.573  WARN 30444 --- [main] d.s.r.o.OperationImplicitParameterReader : Unable to interpret the implicit parameter configuration with dataType: , dataTypeClass: class java.lang.Void
2022-08-08 00:28:19.577  WARN 30444 --- [main] d.s.r.o.OperationImplicitParameterReader : Unable to interpret the implicit parameter configuration with dataType: , dataTypeClass: class java.lang.Void
2022-08-08 00:28:19.589  WARN 30444 --- [main] d.s.r.o.OperationImplicitParameterReader : Unable to interpret the implicit parameter configuration with dataType: , dataTypeClass: class java.lang.Void
2022-08-08 00:28:19.591  WARN 30444 --- [main] d.s.r.o.OperationImplicitParameterReader : Unable to interpret the implicit parameter configuration with dataType: , dataTypeClass: class java.lang.Void
2022-08-08 00:28:19.593  WARN 30444 --- [main] d.s.r.o.OperationImplicitParameterReader : Unable to interpret the implicit parameter configuration with dataType: , dataTypeClass: class java.lang.Void
2022-08-08 00:28:19.595  WARN 30444 --- [main] d.s.r.o.OperationImplicitParameterReader : Unable to interpret the implicit parameter configuration with dataType: , dataTypeClass: class java.lang.Void
2022-08-08 00:28:19.599  WARN 30444 --- [main] d.s.r.o.OperationImplicitParameterReader : Unable to interpret the implicit parameter configuration with dataType: , dataTypeClass: class java.lang.Void
2022-08-08 00:28:19.599  WARN 30444 --- [main] d.s.r.o.OperationImplicitParameterReader : Unable to interpret the implicit parameter configuration with dataType: , dataTypeClass: class java.lang.Void
2022-08-08 00:28:19.604  WARN 30444 --- [main] d.s.r.o.OperationImplicitParameterReader : Unable to interpret the implicit parameter configuration with dataType: , dataTypeClass: class java.lang.Void
2022-08-08 00:28:19.609  WARN 30444 --- [main] d.s.r.o.OperationImplicitParameterReader : Unable to interpret the implicit parameter configuration with dataType: , dataTypeClass: class java.lang.Void
2022-08-08 00:28:19.623  INFO 30444 --- [main] com.example.drive.DriveApplication       : Started DriveApplication in 7.1 seconds (JVM running for 9.346)
2022-08-08 00:28:30.533  INFO 30444 --- [http-nio-9097-exec-1] o.a.c.c.C.[Tomcat].[localhost].[/]       : Initializing Spring DispatcherServlet 'dispatcherServlet'
2022-08-08 00:28:30.533  INFO 30444 --- [http-nio-9097-exec-1] o.s.web.servlet.DispatcherServlet        : Initializing Servlet 'dispatcherServlet'
2022-08-08 00:28:30.534  INFO 30444 --- [http-nio-9097-exec-1] o.s.web.servlet.DispatcherServlet        : Completed initialization in 1 ms
